
                            < M A T L A B (R) >
                  Copyright 1984-2017 The MathWorks, Inc.
                   R2017a (9.2.0.538062) 64-bit (glnxa64)
                             February 23, 2017

 
To get started, type one of these: helpwin, helpdesk, or demo.
For product information, visit www.mathworks.com.
 
Starting parallel pool (parpool) using the 'local' profile ...
connected to 12 workers.
Lab 1: 
  LAB 1 seed after shuffle: 619181831
Lab 2: 
  LAB 2 seed after shuffle: 619181831
Lab 3: 
  LAB 3 seed after shuffle: 619181832
Parallel pool using the 'local' profile is shutting down.

testSubRep =

     3    13    24    33    49    62    68    80
     2     3    18    20    21    31    43    85
     4     6    27    30    46    53    62    76

DONE
