 'tryton/matlab/2017a' load complete.

                            < M A T L A B (R) >
                  Copyright 1984-2017 The MathWorks, Inc.
                   R2017a (9.2.0.538062) 64-bit (glnxa64)
                             February 23, 2017

 
To get started, type one of these: helpwin, helpdesk, or demo.
For product information, visit www.mathworks.com.
 
>> >> >> >> >> >> >> >> >> >> >> >> >> >> >> >> >> >> >> >> >> >> >> >> >> >> >> >> >> >> Starting parallel pool (parpool) using the 'local' profile ...
connected to 12 workers.
Lab 1: 
  LAB 1 seed after shuffle: 619712431
Lab 2: 
  LAB 2 seed after shuffle: 619712431
Lab 3: 
  LAB 3 seed after shuffle: 619712431
>> >> >> >> >> Parallel pool using the 'local' profile is shutting down.
>> >> >> >> >> 
testSubRep =

    14    24    41    42    74    78    88    89
     2    14    28    32    36    52    76    86
    18    23    25    34    56    67    69    77

>> >> DONE
>> 