 'tryton/matlab/2017a' load complete.

                            < M A T L A B (R) >
                  Copyright 1984-2017 The MathWorks, Inc.
                   R2017a (9.2.0.538062) 64-bit (glnxa64)
                             February 23, 2017

 
To get started, type one of these: helpwin, helpdesk, or demo.
For product information, visit www.mathworks.com.
 
>> >> >> >> >> >> >> >> >> >> >> >> >> >> >> >> >> >> >> >> >> >> >> >> >> >> >> >> >> >> Starting parallel pool (parpool) using the 'local' profile ...
connected to 12 workers.
Lab 1: 
  LAB 1 seed after shuffle: 619669085
Lab 2: 
  LAB 2 seed after shuffle: 619669085
Lab 3: 
  LAB 3 seed after shuffle: 619669085
>> >> >> >> >> Parallel pool using the 'local' profile is shutting down.
>> >> >> >> >> 
testSubRep =

     5    14    40    49    51    63    78    87
    17    21    26    57    61    74    78    84
     2     7    10    25    34    36    48    77

>> >> DONE
>> 