 'tryton/matlab/2017a' load complete.

                            < M A T L A B (R) >
                  Copyright 1984-2017 The MathWorks, Inc.
                   R2017a (9.2.0.538062) 64-bit (glnxa64)
                             February 23, 2017

 
To get started, type one of these: helpwin, helpdesk, or demo.
For product information, visit www.mathworks.com.
 
>> >> >> >> >> >> >> >> >> >> >> >> >> >> >> >> >> >> >> >> >> >> >> >> >> Starting parallel pool (parpool) using the 'local' profile ...
connected to 12 workers.
Lab 1: 
  LAB 1 seed after shuffle: 619559490
Lab 2: 
  LAB 2 seed after shuffle: 619559490
Lab 3: 
  LAB 3 seed after shuffle: 619559490
>> >> >> >> >> Parallel pool using the 'local' profile is shutting down.
>> >> >> >> >> 
testSubRep =

     3     5    14    35    36    42    44    58
     4    17    35    42    54    60    67    72
    16    38    44    60    65    72    73    74

>> >> DONE
>> 