 'tryton/matlab/2017a' load complete.

                            < M A T L A B (R) >
                  Copyright 1984-2017 The MathWorks, Inc.
                   R2017a (9.2.0.538062) 64-bit (glnxa64)
                             February 23, 2017

 
To get started, type one of these: helpwin, helpdesk, or demo.
For product information, visit www.mathworks.com.
 
>> >> >> >> >> >> >> >> >> >> >> >> >> >> >> >> >> >> >> >> >> >> >> >> >> Starting parallel pool (parpool) using the 'local' profile ...
connected to 12 workers.
Lab 1: 
  LAB 1 seed after shuffle: 619573604
Lab 2: 
  LAB 2 seed after shuffle: 619573604
Lab 3: 
  LAB 3 seed after shuffle: 619573605
>> >> >> >> >> Parallel pool using the 'local' profile is shutting down.
>> >> >> >> >> 
testSubRep =

    16    30    31    32    48    78    85    88
    19    43    54    63    64    81    82    88
    21    25    45    52    57    67    82    88

>> >> DONE
>> 